nohup: ignoring input
2025-08-07 04:22:59,669 - ros2_mock - INFO - 啟動模擬ROS2整合...
2025-08-07 04:22:59,669 - ros2_mock - INFO - 初始化模擬ROS2節點...
2025-08-07 04:22:59,669 - ros2_mock - INFO - 模擬ROS2節點初始化完成
2025-08-07 04:22:59,669 - ros2_mock - INFO - 模擬ROS2整合啟動成功
INFO:     Started server process [32055]
INFO:     Waiting for application startup.
INFO:     Application startup complete.
INFO:     Uvicorn running on http://0.0.0.0:8001 (Press CTRL+C to quit)
2025-08-07 04:23:08,730 - hospital_system - INFO - 調整藥物 3 庫存
2025-08-07 04:23:08,735 - hospital_system - INFO - 藥物 普拿疼 庫存調整: 100 → 150 (原因: 新進貨)
使用模擬ROS2模式
資料庫表格創建完成
醫院藥物管理系統 - 乾淨版本
==================================================
整合管理: http://localhost:8001/integrated_medicine_management.html
處方籤管理: http://localhost:8001/Prescription.html
醫生界面: http://localhost:8001/doctor.html
API文檔: http://localhost:8001/docs
==================================================
注意：此版本不包含測試資料
請透過 API 或網頁界面添加藥物資料
==================================================
INFO:     127.0.0.1:42236 - "POST /api/medicine/adjust-stock HTTP/1.1" 200 OK
2025-08-07 04:23:09,589 - hospital_system - INFO - 系統健康檢查請求
2025-08-07 04:23:09,589 - hospital_system - INFO - 健康檢查結果: {'status': 'healthy', 'message': '系統運行正常', 'ros2_status': 'mock', 'ros2_mode': 'mock'}
INFO:     127.0.0.1:42250 - "GET /api/health HTTP/1.1" 200 OK
2025-08-07 04:23:17,598 - hospital_system - INFO - 調整藥物 3 庫存
2025-08-07 04:23:17,602 - hospital_system - INFO - 藥物 普拿疼 庫存調整: 150 → 200 (原因: 新進貨)
INFO:     127.0.0.1:40236 - "POST /api/medicine/adjust-stock HTTP/1.1" 200 OK
2025-08-07 04:23:26,520 - hospital_system - INFO - 調整藥物 2 庫存
2025-08-07 04:23:26,523 - hospital_system - INFO - 藥物 更新後的測試藥物B 庫存調整: 150 → 125 (原因: 過期處理)
INFO:     127.0.0.1:57630 - "POST /api/medicine/2/adjust-stock HTTP/1.1" 200 OK
2025-08-07 04:23:34,346 - hospital_system - INFO - 調整藥物 4 庫存
2025-08-07 04:23:34,351 - hospital_system - INFO - 藥物 阿斯匹靈 庫存調整: 50 → 75 (原因: 庫存盤點修正)
INFO:     127.0.0.1:54962 - "POST /api/medicine/adjust-stock HTTP/1.1" 200 OK
2025-08-07 04:23:43,526 - hospital_system - INFO - 調整藥物 4 庫存
2025-08-07 04:23:43,527 - hospital_system - ERROR - 調整庫存失敗: 400: 庫存不足，現有: 75，嘗試減少: 100
INFO:     127.0.0.1:34332 - "POST /api/medicine/adjust-stock HTTP/1.1" 500 Internal Server Error
2025-08-07 04:23:50,789 - hospital_system - INFO - 開始獲取基本藥物列表
2025-08-07 04:23:50,791 - hospital_system - INFO - 基本藥物列表構建完成，共 3 種藥物
2025-08-07 04:23:50,791 - hospital_system - INFO - 藥物資料已發布到ROS2
INFO:     127.0.0.1:50278 - "GET /api/medicine/basic HTTP/1.1" 200 OK
