2025-08-06 19:02:06,023 - ros2_mock - INFO - 啟動模擬ROS2整合...
2025-08-06 19:02:06,023 - ros2_mock - INFO - 初始化模擬ROS2節點...
2025-08-06 19:02:06,023 - ros2_mock - INFO - 模擬ROS2節點初始化完成
2025-08-06 19:02:06,023 - ros2_mock - INFO - 模擬ROS2整合啟動成功
2025-08-06 19:02:11,529 - ros2_mock - INFO - 啟動模擬ROS2整合...
2025-08-06 19:02:11,529 - ros2_mock - INFO - 初始化模擬ROS2節點...
2025-08-06 19:02:11,529 - ros2_mock - INFO - 模擬ROS2節點初始化完成
2025-08-06 19:02:11,529 - ros2_mock - INFO - 模擬ROS2整合啟動成功
2025-08-06 19:02:22,711 - hospital_system - INFO - 開始獲取基本藥物列表
2025-08-06 19:02:22,719 - hospital_system - INFO - 基本藥物列表構建完成，共 0 種藥物
2025-08-06 19:02:22,719 - hospital_system - INFO - 藥物資料已發布到ROS2
2025-08-07 03:42:18,261 - ros2_mock - INFO - 啟動模擬ROS2整合...
2025-08-07 03:42:18,261 - ros2_mock - INFO - 初始化模擬ROS2節點...
2025-08-07 03:42:18,262 - ros2_mock - INFO - 模擬ROS2節點初始化完成
2025-08-07 03:42:18,262 - ros2_mock - INFO - 模擬ROS2整合啟動成功
2025-08-07 03:42:48,123 - ros2_mock - INFO - 啟動模擬ROS2整合...
2025-08-07 03:42:48,123 - ros2_mock - INFO - 初始化模擬ROS2節點...
2025-08-07 03:42:48,123 - ros2_mock - INFO - 模擬ROS2節點初始化完成
2025-08-07 03:42:48,124 - ros2_mock - INFO - 模擬ROS2整合啟動成功
2025-08-07 03:43:02,969 - hospital_system - INFO - 開始獲取基本藥物列表
2025-08-07 03:43:02,970 - hospital_system - INFO - 基本藥物列表構建完成，共 2 種藥物
2025-08-07 03:43:02,970 - hospital_system - INFO - 藥物資料已發布到ROS2
2025-08-07 03:49:04,697 - ros2_mock - INFO - 啟動模擬ROS2整合...
2025-08-07 03:49:04,697 - ros2_mock - INFO - 初始化模擬ROS2節點...
2025-08-07 03:49:04,698 - ros2_mock - INFO - 模擬ROS2節點初始化完成
2025-08-07 03:49:04,698 - ros2_mock - INFO - 模擬ROS2整合啟動成功
2025-08-07 03:49:12,751 - hospital_system - INFO - 開始獲取基本藥物列表
2025-08-07 03:49:12,758 - hospital_system - INFO - 基本藥物列表構建完成，共 2 種藥物
2025-08-07 03:49:12,758 - hospital_system - INFO - 藥物資料已發布到ROS2
2025-08-07 03:49:12,768 - hospital_system - INFO - 嘗試刪除藥物: 測試統一藥物
2025-08-07 03:49:12,773 - hospital_system - INFO - 已刪除藥物詳細資料: 測試統一藥物
2025-08-07 03:49:12,778 - hospital_system - INFO - 已完全刪除藥物: 測試統一藥物 (ID: 1)
2025-08-07 03:49:13,442 - hospital_system - INFO - 系統健康檢查請求
2025-08-07 03:49:13,443 - hospital_system - INFO - 健康檢查結果: {'status': 'healthy', 'message': '系統運行正常', 'ros2_status': 'mock', 'ros2_mode': 'mock'}
2025-08-07 03:49:18,629 - hospital_system - INFO - 開始獲取基本藥物列表
2025-08-07 03:49:18,630 - hospital_system - INFO - 基本藥物列表構建完成，共 1 種藥物
2025-08-07 03:49:18,630 - hospital_system - INFO - 藥物資料已發布到ROS2
2025-08-07 03:49:25,340 - hospital_system - INFO - 嘗試刪除藥物: 2
2025-08-07 03:49:25,342 - hospital_system - INFO - 已刪除藥物詳細資料: 測試統一藥物2
2025-08-07 03:49:25,345 - hospital_system - INFO - 已完全刪除藥物: 測試統一藥物2 (ID: 2)
2025-08-07 03:49:31,082 - hospital_system - INFO - 開始獲取基本藥物列表
2025-08-07 03:49:31,082 - hospital_system - INFO - 基本藥物列表構建完成，共 0 種藥物
2025-08-07 03:49:31,082 - hospital_system - INFO - 藥物資料已發布到ROS2
2025-08-07 03:49:45,562 - hospital_system - INFO - 開始獲取基本藥物列表
2025-08-07 03:49:45,563 - hospital_system - INFO - 基本藥物列表構建完成，共 2 種藥物
2025-08-07 03:49:45,563 - hospital_system - INFO - 藥物資料已發布到ROS2
2025-08-07 03:49:52,775 - hospital_system - INFO - 嘗試刪除藥物: 測試藥物A
2025-08-07 03:49:52,780 - hospital_system - INFO - 已完全刪除藥物: 測試藥物A (ID: 1)
2025-08-07 03:49:59,602 - hospital_system - INFO - 更新藥物 ID: 2
2025-08-07 03:49:59,607 - hospital_system - INFO - 藥物 更新後的測試藥物B (ID: 2) 更新成功
2025-08-07 03:50:05,619 - hospital_system - INFO - 開始獲取基本藥物列表
2025-08-07 03:50:05,620 - hospital_system - INFO - 基本藥物列表構建完成，共 1 種藥物
2025-08-07 03:50:05,620 - hospital_system - INFO - 藥物資料已發布到ROS2
2025-08-07 04:05:37,437 - ros2_mock - INFO - 啟動模擬ROS2整合...
2025-08-07 04:05:37,437 - ros2_mock - INFO - 初始化模擬ROS2節點...
2025-08-07 04:05:37,437 - ros2_mock - INFO - 模擬ROS2節點初始化完成
2025-08-07 04:05:37,438 - ros2_mock - INFO - 模擬ROS2整合啟動成功
2025-08-07 04:05:46,717 - hospital_system - INFO - 開始獲取基本藥物列表
2025-08-07 04:05:46,718 - hospital_system - INFO - 基本藥物列表構建完成，共 3 種藥物
2025-08-07 04:05:46,718 - hospital_system - INFO - 藥物資料已發布到ROS2
2025-08-07 04:05:54,824 - hospital_system - INFO - 開始創建新處方籤
2025-08-07 04:05:54,824 - hospital_system - INFO - 處方包含 2 種藥物
2025-08-07 04:05:54,830 - hospital_system - INFO - 處方籤基本資料已創建，ID: 1
2025-08-07 04:05:54,835 - hospital_system - INFO - 處方籤創建完成，共添加 2 種藥物
2025-08-07 04:05:54,838 - hospital_system - INFO - 預留庫存: 普拿疼 數量 30
2025-08-07 04:05:54,838 - hospital_system - INFO - 預留庫存: 阿斯匹靈 數量 20
2025-08-07 04:05:54,838 - hospital_system - INFO - ROS2可用，準備創建訂單
2025-08-07 04:05:54,838 - ros2_mock - INFO - 訂單已加入佇列: ORDER_0001
2025-08-07 04:05:54,838 - ros2_mock - INFO - 向 ROS2 主控制器傳送訂單: ORDER_0001
2025-08-07 04:05:54,838 - hospital_system - INFO - ROS2訂單已創建: ORDER_0001
2025-08-07 04:05:55,439 - ros2_mock - INFO - 開始處理訂單: ORDER_0001
2025-08-07 04:05:55,439 - ros2_mock - INFO - 驗證處方籤中...
2025-08-07 04:05:57,439 - ros2_mock - INFO - 定位藥物中...
2025-08-07 04:06:00,440 - ros2_mock - INFO - 移動機器人中...
2025-08-07 04:06:02,587 - hospital_system - INFO - 檢查處方籤 1 庫存可用性
2025-08-07 04:06:02,590 - hospital_system - INFO - 處方籤 1 庫存檢查完成，可處理: True
2025-08-07 04:06:04,440 - ros2_mock - INFO - 分配藥物中...
2025-08-07 04:06:09,440 - ros2_mock - INFO - 包裝藥物中...
2025-08-07 04:06:11,598 - hospital_system - INFO - 更新處方籤 1 狀態
2025-08-07 04:06:11,602 - hospital_system - INFO - 處方籤 1 狀態已更新: active → processing
2025-08-07 04:06:11,603 - hospital_system - INFO - 處理處方籤 1 庫存變化: active → processing
2025-08-07 04:06:11,603 - hospital_system - INFO - 扣減庫存: 普拿疼 減少 30，剩餘 70
2025-08-07 04:06:11,604 - hospital_system - INFO - 扣減庫存: 阿斯匹靈 減少 20，剩餘 30
2025-08-07 04:06:11,606 - hospital_system - INFO - 處方籤 1 庫存變化完成，共 2 項藥物
2025-08-07 04:06:11,606 - hospital_system - INFO - 觸發 ROS2 處理處方籤 1
2025-08-07 04:06:12,440 - ros2_mock - INFO - 品質檢查中...
2025-08-07 04:06:14,441 - ros2_mock - INFO - 訂單處理完成
2025-08-07 04:19:51,144 - hospital_system - INFO - 開始獲取基本藥物列表
2025-08-07 04:19:51,157 - hospital_system - INFO - 基本藥物列表構建完成，共 3 種藥物
2025-08-07 04:19:51,157 - hospital_system - INFO - 藥物資料已發布到ROS2
2025-08-07 04:19:59,728 - hospital_system - INFO - 獲取處方籤詳細資訊: 1
2025-08-07 04:19:59,732 - hospital_system - INFO - 返回處方籤 1 詳細資訊，包含 2 種藥物
2025-08-07 04:20:10,609 - hospital_system - INFO - 更新處方籤 1 狀態
2025-08-07 04:20:10,614 - hospital_system - INFO - 處方籤 1 狀態已更新: processing → cancelled
2025-08-07 04:20:10,615 - hospital_system - INFO - 處理處方籤 1 庫存變化: processing → cancelled
2025-08-07 04:20:10,615 - hospital_system - INFO - 恢復庫存: 普拿疼 增加 30，現有 100
2025-08-07 04:20:10,616 - hospital_system - INFO - 恢復庫存: 阿斯匹靈 增加 20，現有 50
2025-08-07 04:20:10,618 - hospital_system - INFO - 處方籤 1 庫存變化完成，共 2 項藥物
2025-08-07 04:20:16,897 - hospital_system - INFO - 開始獲取基本藥物列表
2025-08-07 04:20:16,899 - hospital_system - INFO - 基本藥物列表構建完成，共 3 種藥物
2025-08-07 04:20:16,899 - hospital_system - INFO - 藥物資料已發布到ROS2
2025-08-07 04:20:28,276 - hospital_system - INFO - 開始創建新處方籤
2025-08-07 04:20:28,276 - hospital_system - INFO - 處方包含 1 種藥物
2025-08-07 04:20:28,281 - hospital_system - INFO - 處方籤基本資料已創建，ID: 2
2025-08-07 04:20:28,286 - hospital_system - INFO - 處方籤創建完成，共添加 1 種藥物
2025-08-07 04:20:28,288 - hospital_system - INFO - 預留庫存: 普拿疼 數量 10
2025-08-07 04:20:28,288 - hospital_system - INFO - ROS2可用，準備創建訂單
2025-08-07 04:20:28,288 - ros2_mock - INFO - 訂單已加入佇列: ORDER_0002
2025-08-07 04:20:28,288 - ros2_mock - INFO - 向 ROS2 主控制器傳送訂單: ORDER_0002
2025-08-07 04:20:28,288 - hospital_system - INFO - ROS2訂單已創建: ORDER_0002
2025-08-07 04:20:28,296 - hospital_system - INFO - 更新處方籤 2 狀態
2025-08-07 04:20:28,300 - hospital_system - INFO - 處方籤 2 狀態已更新: active → cancelled
2025-08-07 04:20:28,301 - hospital_system - INFO - 處理處方籤 2 庫存變化: active → cancelled
2025-08-07 04:20:28,301 - hospital_system - INFO - 處方籤取消（未開始處理）: 普拿疼 庫存無變化
2025-08-07 04:20:28,301 - hospital_system - INFO - 處方籤 2 庫存變化完成，共 1 項藥物
2025-08-07 04:20:28,558 - ros2_mock - INFO - 開始處理訂單: ORDER_0002
2025-08-07 04:20:28,558 - ros2_mock - INFO - 驗證處方籤中...
2025-08-07 04:20:30,559 - ros2_mock - INFO - 定位藥物中...
2025-08-07 04:20:33,559 - ros2_mock - INFO - 移動機器人中...
2025-08-07 04:20:37,057 - hospital_system - INFO - 開始創建新處方籤
2025-08-07 04:20:37,057 - hospital_system - INFO - 處方包含 2 種藥物
2025-08-07 04:20:37,060 - hospital_system - INFO - 處方籤基本資料已創建，ID: 3
2025-08-07 04:20:37,064 - hospital_system - INFO - 處方籤創建完成，共添加 2 種藥物
2025-08-07 04:20:37,065 - hospital_system - INFO - ROS2可用，準備創建訂單
2025-08-07 04:20:37,065 - ros2_mock - INFO - 訂單已加入佇列: ORDER_0003
2025-08-07 04:20:37,066 - ros2_mock - INFO - 向 ROS2 主控制器傳送訂單: ORDER_0003
2025-08-07 04:20:37,066 - hospital_system - INFO - ROS2訂單已創建: ORDER_0003
2025-08-07 04:20:37,559 - ros2_mock - INFO - 分配藥物中...
2025-08-07 04:20:42,559 - ros2_mock - INFO - 包裝藥物中...
2025-08-07 04:20:45,560 - ros2_mock - INFO - 品質檢查中...
2025-08-07 04:20:45,738 - hospital_system - INFO - 更新處方籤 3 狀態
2025-08-07 04:20:45,743 - hospital_system - INFO - 處方籤 3 狀態已更新: active → processing
2025-08-07 04:20:45,743 - hospital_system - INFO - 處理處方籤 3 庫存變化: active → processing
2025-08-07 04:20:45,744 - hospital_system - WARNING - 庫存不足: 普拿疼 需要 150，只有 100
2025-08-07 04:20:45,744 - hospital_system - WARNING - 庫存不足: 阿斯匹靈 需要 80，只有 50
2025-08-07 04:20:45,744 - hospital_system - INFO - 處方籤 3 庫存變化完成，共 2 項藥物
2025-08-07 04:20:45,744 - hospital_system - INFO - 觸發 ROS2 處理處方籤 3
2025-08-07 04:20:47,560 - ros2_mock - INFO - 訂單處理完成
2025-08-07 04:20:48,560 - ros2_mock - INFO - 開始處理訂單: ORDER_0003
2025-08-07 04:20:48,560 - ros2_mock - INFO - 驗證處方籤中...
2025-08-07 04:20:50,560 - ros2_mock - INFO - 定位藥物中...
2025-08-07 04:20:53,561 - ros2_mock - INFO - 移動機器人中...
2025-08-07 04:20:57,561 - ros2_mock - INFO - 分配藥物中...
2025-08-07 04:21:02,561 - ros2_mock - INFO - 包裝藥物中...
2025-08-07 04:21:05,561 - ros2_mock - INFO - 品質檢查中...
2025-08-07 04:21:07,562 - ros2_mock - INFO - 訂單處理完成
2025-08-07 04:22:59,669 - ros2_mock - INFO - 啟動模擬ROS2整合...
2025-08-07 04:22:59,669 - ros2_mock - INFO - 初始化模擬ROS2節點...
2025-08-07 04:22:59,669 - ros2_mock - INFO - 模擬ROS2節點初始化完成
2025-08-07 04:22:59,669 - ros2_mock - INFO - 模擬ROS2整合啟動成功
2025-08-07 04:23:08,730 - hospital_system - INFO - 調整藥物 3 庫存
2025-08-07 04:23:08,735 - hospital_system - INFO - 藥物 普拿疼 庫存調整: 100 → 150 (原因: 新進貨)
2025-08-07 04:23:09,589 - hospital_system - INFO - 系統健康檢查請求
2025-08-07 04:23:09,589 - hospital_system - INFO - 健康檢查結果: {'status': 'healthy', 'message': '系統運行正常', 'ros2_status': 'mock', 'ros2_mode': 'mock'}
2025-08-07 04:23:17,598 - hospital_system - INFO - 調整藥物 3 庫存
2025-08-07 04:23:17,602 - hospital_system - INFO - 藥物 普拿疼 庫存調整: 150 → 200 (原因: 新進貨)
2025-08-07 04:23:26,520 - hospital_system - INFO - 調整藥物 2 庫存
2025-08-07 04:23:26,523 - hospital_system - INFO - 藥物 更新後的測試藥物B 庫存調整: 150 → 125 (原因: 過期處理)
2025-08-07 04:23:34,346 - hospital_system - INFO - 調整藥物 4 庫存
2025-08-07 04:23:34,351 - hospital_system - INFO - 藥物 阿斯匹靈 庫存調整: 50 → 75 (原因: 庫存盤點修正)
2025-08-07 04:23:43,526 - hospital_system - INFO - 調整藥物 4 庫存
2025-08-07 04:23:43,527 - hospital_system - ERROR - 調整庫存失敗: 400: 庫存不足，現有: 75，嘗試減少: 100
2025-08-07 04:23:50,789 - hospital_system - INFO - 開始獲取基本藥物列表
2025-08-07 04:23:50,791 - hospital_system - INFO - 基本藥物列表構建完成，共 3 種藥物
2025-08-07 04:23:50,791 - hospital_system - INFO - 藥物資料已發布到ROS2
2025-08-07 04:29:38,937 - ros2_mock - INFO - 啟動模擬ROS2整合...
2025-08-07 04:29:38,937 - ros2_mock - INFO - 初始化模擬ROS2節點...
2025-08-07 04:29:38,938 - ros2_mock - INFO - 模擬ROS2節點初始化完成
2025-08-07 04:29:38,938 - ros2_mock - INFO - 模擬ROS2整合啟動成功
2025-08-07 04:29:48,039 - hospital_system - INFO - 開始創建新處方籤
2025-08-07 04:29:48,039 - hospital_system - INFO - 處方包含 1 種藥物
2025-08-07 04:29:48,051 - hospital_system - INFO - 處方籤基本資料已創建，ID: 4
2025-08-07 04:29:48,055 - hospital_system - INFO - 處方籤創建完成，共添加 1 種藥物
2025-08-07 04:29:48,057 - hospital_system - INFO - 預留庫存: 普拿疼 數量 10
2025-08-07 04:29:48,057 - hospital_system - INFO - ROS2可用，準備創建訂單
2025-08-07 04:29:48,058 - ros2_mock - INFO - 訂單已加入佇列: ORDER_0004
2025-08-07 04:29:48,058 - ros2_mock - INFO - 向 ROS2 主控制器傳送訂單: ORDER_0004
2025-08-07 04:29:48,058 - hospital_system - INFO - ROS2訂單已創建: ORDER_0004
2025-08-07 04:29:48,064 - hospital_system - INFO - 開始創建新處方籤
2025-08-07 04:29:48,064 - hospital_system - INFO - 處方包含 2 種藥物
2025-08-07 04:29:48,067 - hospital_system - INFO - 處方籤基本資料已創建，ID: 5
2025-08-07 04:29:48,071 - hospital_system - INFO - 處方籤創建完成，共添加 2 種藥物
2025-08-07 04:29:48,072 - hospital_system - INFO - 預留庫存: 阿斯匹靈 數量 15
2025-08-07 04:29:48,072 - hospital_system - INFO - 預留庫存: 普拿疼 數量 5
2025-08-07 04:29:48,072 - hospital_system - INFO - ROS2可用，準備創建訂單
2025-08-07 04:29:48,072 - ros2_mock - INFO - 訂單已加入佇列: ORDER_0005
2025-08-07 04:29:48,072 - ros2_mock - INFO - 向 ROS2 主控制器傳送訂單: ORDER_0005
2025-08-07 04:29:48,072 - hospital_system - INFO - ROS2訂單已創建: ORDER_0005
2025-08-07 04:29:48,938 - ros2_mock - INFO - 開始處理訂單: ORDER_0004
2025-08-07 04:29:48,939 - ros2_mock - INFO - 驗證處方籤中...
2025-08-07 04:29:50,939 - ros2_mock - INFO - 定位藥物中...
2025-08-07 04:29:51,899 - hospital_system - INFO - 更新處方籤 4 狀態
2025-08-07 04:29:51,903 - hospital_system - INFO - 處方籤 4 狀態已更新: active → pending
2025-08-07 04:29:51,903 - hospital_system - INFO - 處理處方籤 4 庫存變化: active → pending
2025-08-07 04:29:51,910 - hospital_system - INFO - 更新處方籤 5 狀態
2025-08-07 04:29:51,914 - hospital_system - INFO - 處方籤 5 狀態已更新: active → pending
2025-08-07 04:29:51,914 - hospital_system - INFO - 處理處方籤 5 庫存變化: active → pending
2025-08-07 04:29:53,939 - ros2_mock - INFO - 移動機器人中...
2025-08-07 04:29:57,939 - ros2_mock - INFO - 分配藥物中...
2025-08-07 04:30:01,085 - hospital_system - INFO - ROS2請求查看所有待處理訂單
2025-08-07 04:30:01,088 - hospital_system - INFO - 找到 2 個待處理訂單
2025-08-07 04:30:02,940 - ros2_mock - INFO - 包裝藥物中...
2025-08-07 04:30:05,940 - ros2_mock - INFO - 品質檢查中...
2025-08-07 04:30:07,940 - ros2_mock - INFO - 訂單處理完成
2025-08-07 04:30:08,940 - ros2_mock - INFO - 開始處理訂單: ORDER_0005
2025-08-07 04:30:08,941 - ros2_mock - INFO - 驗證處方籤中...
2025-08-07 04:30:10,800 - hospital_system - INFO - ROS2請求執行訂單確認
2025-08-07 04:30:10,803 - hospital_system - INFO - 準備執行訂單確認: ORDER_0004 (處方籤 4)
2025-08-07 04:30:10,941 - ros2_mock - INFO - 定位藥物中...
2025-08-07 04:30:13,941 - ros2_mock - INFO - 移動機器人中...
2025-08-07 04:30:17,941 - ros2_mock - INFO - 分配藥物中...
2025-08-07 04:30:20,675 - hospital_system - INFO - ROS2確認並執行訂單
2025-08-07 04:30:20,676 - hospital_system - INFO - 處理處方籤 4 庫存變化: pending → processing
2025-08-07 04:30:20,677 - hospital_system - INFO - 扣減庫存: 普拿疼 減少 10，剩餘 190
2025-08-07 04:30:20,680 - hospital_system - INFO - 處方籤 4 庫存變化完成，共 1 項藥物
2025-08-07 04:30:20,681 - ros2_mock - INFO - 訂單已加入佇列: ORDER_0004
2025-08-07 04:30:20,681 - ros2_mock - INFO - 向 ROS2 主控制器傳送訂單: ORDER_0004
2025-08-07 04:30:20,681 - hospital_system - INFO - 訂單 ORDER_0004 已確認並開始執行
2025-08-07 04:30:22,942 - ros2_mock - INFO - 包裝藥物中...
2025-08-07 04:30:25,942 - ros2_mock - INFO - 品質檢查中...
2025-08-07 04:30:27,942 - ros2_mock - INFO - 訂單處理完成
2025-08-07 04:30:28,942 - ros2_mock - INFO - 開始處理訂單: ORDER_0004
2025-08-07 04:30:28,942 - ros2_mock - INFO - 驗證處方籤中...
2025-08-07 04:30:29,524 - hospital_system - INFO - ROS2標記訂單完成
2025-08-07 04:30:29,528 - hospital_system - INFO - 訂單 ORDER_0004 已完成
2025-08-07 04:30:30,943 - ros2_mock - INFO - 定位藥物中...
2025-08-07 04:30:33,943 - ros2_mock - INFO - 移動機器人中...
2025-08-07 04:30:37,943 - ros2_mock - INFO - 分配藥物中...
2025-08-07 04:30:40,096 - hospital_system - INFO - 搜尋藥物: 普拿疼
2025-08-07 04:30:40,099 - hospital_system - INFO - 找到 1 種符合的藥物
2025-08-07 04:30:42,944 - ros2_mock - INFO - 包裝藥物中...
2025-08-07 04:30:45,944 - ros2_mock - INFO - 品質檢查中...
2025-08-07 04:30:47,944 - ros2_mock - INFO - 訂單處理完成
2025-08-07 04:30:51,160 - hospital_system - INFO - ROS2查詢藥物資訊
2025-08-07 04:30:51,162 - hospital_system - INFO - ROS2查詢藥物 阿斯匹靈 完成
2025-08-07 04:30:59,950 - hospital_system - INFO - ROS2批量查詢藥物資訊
2025-08-07 04:30:59,952 - hospital_system - INFO - 批量查詢完成，處理 3 個請求
